# JRE version: OpenJDK Runtime Environment (8.0_152-b01) (build 1.8.0_152-release-1248-b01)
# Java VM: OpenJDK 64-Bit Server VM (25.152-b01 mixed mode windows-amd64 compressed oops)
Heap:
 PSYoungGen      total 342528K, used 137680K [0x00000000e0000000, 0x00000000f6d00000, 0x0000000100000000)
  eden space 316416K, 41% used [0x00000000e0000000,0x00000000e7f57488,0x00000000f3500000)
  from space 26112K, 27% used [0x00000000f5380000,0x00000000f5a9cc00,0x00000000f6d00000)
  to   space 28672K, 0% used [0x00000000f3500000,0x00000000f3500000,0x00000000f5100000)
 ParOldGen       total 128000K, used 92173K [0x00000000a0000000, 0x00000000a7d00000, 0x00000000e0000000)
  object space 128000K, 72% used [0x00000000a0000000,0x00000000a5a034e8,0x00000000a7d00000)
 Metaspace       used 78023K, capacity 80406K, committed 80640K, reserved 1120256K
  class space    used 10111K, capacity 10635K, committed 10752K, reserved 1048576K
GC Heap History (10 events):
Event: 44.686 GC heap before
{Heap before GC invocations=27 (full 3):
 PSYoungGen      total 291328K, used 265608K [0x00000000e0000000, 0x00000000f7100000, 0x0000000100000000)
  eden space 260096K, 100% used [0x00000000e0000000,0x00000000efe00000,0x00000000efe00000)
  from space 31232K, 17% used [0x00000000efe00000,0x00000000f0362390,0x00000000f1c80000)
  to   space 30208K, 0% used [0x00000000f5380000,0x00000000f5380000,0x00000000f7100000)
 ParOldGen       total 128000K, used 71014K [0x00000000a0000000, 0x00000000a7d00000, 0x00000000e0000000)
  object space 128000K, 55% used [0x00000000a0000000,0x00000000a4559a08,0x00000000a7d00000)
 Metaspace       used 77796K, capacity 80166K, committed 80384K, reserved 1118208K
  class space    used 10107K, capacity 10631K, committed 10752K, reserved 1048576K
Event: 44.713 GC heap after
Heap after GC invocations=27 (full 3):
 PSYoungGen      total 342528K, used 10502K [0x00000000e0000000, 0x00000000f6d00000, 0x0000000100000000)
  eden space 316416K, 0% used [0x00000000e0000000,0x00000000e0000000,0x00000000f3500000)
  from space 26112K, 40% used [0x00000000f5380000,0x00000000f5dc1be0,0x00000000f6d00000)
  to   space 28672K, 0% used [0x00000000f3500000,0x00000000f3500000,0x00000000f5100000)
 ParOldGen       total 128000K, used 74747K [0x00000000a0000000, 0x00000000a7d00000, 0x00000000e0000000)
  object space 128000K, 58% used [0x00000000a0000000,0x00000000a48fefb0,0x00000000a7d00000)
 Metaspace       used 77796K, capacity 80166K, committed 80384K, reserved 1118208K
  class space    used 10107K, capacity 10631K, committed 10752K, reserved 1048576K
}
Event: 46.080 GC heap before
{Heap before GC invocations=28 (full 3):
 PSYoungGen      total 342528K, used 326918K [0x00000000e0000000, 0x00000000f6d00000, 0x0000000100000000)
  eden space 316416K, 100% used [0x00000000e0000000,0x00000000f3500000,0x00000000f3500000)
  from space 26112K, 40% used [0x00000000f5380000,0x00000000f5dc1be0,0x00000000f6d00000)
  to   space 28672K, 0% used [0x00000000f3500000,0x00000000f3500000,0x00000000f5100000)
 ParOldGen       total 128000K, used 74747K [0x00000000a0000000, 0x00000000a7d00000, 0x00000000e0000000)
  object space 128000K, 58% used [0x00000000a0000000,0x00000000a48fefb0,0x00000000a7d00000)
 Metaspace       used 77853K, capacity 80234K, committed 80384K, reserved 1118208K
  class space    used 10107K, capacity 10631K, committed 10752K, reserved 1048576K
Event: 46.104 GC heap after
Heap after GC invocations=28 (full 3):
 PSYoungGen      total 345088K, used 5564K [0x00000000e0000000, 0x00000000f6d00000, 0x0000000100000000)
  eden space 316416K, 0% used [0x00000000e0000000,0x00000000e0000000,0x00000000f3500000)
  from space 28672K, 19% used [0x00000000f3500000,0x00000000f3a6f070,0x00000000f5100000)
  to   space 26112K, 0% used [0x00000000f5380000,0x00000000f5380000,0x00000000f6d00000)
 ParOldGen       total 128000K, used 82255K [0x00000000a0000000, 0x00000000a7d00000, 0x00000000e0000000)
  object space 128000K, 64% used [0x00000000a0000000,0x00000000a5053c38,0x00000000a7d00000)
 Metaspace       used 77853K, capacity 80234K, committed 80384K, reserved 1118208K
  class space    used 10107K, capacity 10631K, committed 10752K, reserved 1048576K
}
Event: 47.337 GC heap before
{Heap before GC invocations=29 (full 3):
 PSYoungGen      total 345088K, used 321980K [0x00000000e0000000, 0x00000000f6d00000, 0x0000000100000000)
  eden space 316416K, 100% used [0x00000000e0000000,0x00000000f3500000,0x00000000f3500000)
  from space 28672K, 19% used [0x00000000f3500000,0x00000000f3a6f070,0x00000000f5100000)
  to   space 26112K, 0% used [0x00000000f5380000,0x00000000f5380000,0x00000000f6d00000)
 ParOldGen       total 128000K, used 82255K [0x00000000a0000000, 0x00000000a7d00000, 0x00000000e0000000)
  object space 128000K, 64% used [0x00000000a0000000,0x00000000a5053c38,0x00000000a7d00000)
 Metaspace       used 77916K, capacity 80306K, committed 80640K, reserved 1120256K
  class space    used 10107K, capacity 10631K, committed 10752K, reserved 1048576K
Event: 47.360 GC heap after
Heap after GC invocations=29 (full 3):
 PSYoungGen      total 342528K, used 6853K [0x00000000e0000000, 0x00000000f6d00000, 0x0000000100000000)
  eden space 316416K, 0% used [0x00000000e0000000,0x00000000e0000000,0x00000000f3500000)
  from space 26112K, 26% used [0x00000000f5380000,0x00000000f5a317c0,0x00000000f6d00000)
  to   space 28672K, 0% used [0x00000000f3500000,0x00000000f3500000,0x00000000f5100000)
 ParOldGen       total 128000K, used 86679K [0x00000000a0000000, 0x00000000a7d00000, 0x00000000e0000000)
  object space 128000K, 67% used [0x00000000a0000000,0x00000000a54a5d08,0x00000000a7d00000)
 Metaspace       used 77916K, capacity 80306K, committed 80640K, reserved 1120256K
  class space    used 10107K, capacity 10631K, committed 10752K, reserved 1048576K
}
Event: 49.524 GC heap before
{Heap before GC invocations=30 (full 3):
 PSYoungGen      total 342528K, used 323269K [0x00000000e0000000, 0x00000000f6d00000, 0x0000000100000000)
  eden space 316416K, 100% used [0x00000000e0000000,0x00000000f3500000,0x00000000f3500000)
  from space 26112K, 26% used [0x00000000f5380000,0x00000000f5a317c0,0x00000000f6d00000)
  to   space 28672K, 0% used [0x00000000f3500000,0x00000000f3500000,0x00000000f5100000)
 ParOldGen       total 128000K, used 86679K [0x00000000a0000000, 0x00000000a7d00000, 0x00000000e0000000)
  object space 128000K, 67% used [0x00000000a0000000,0x00000000a54a5da8,0x00000000a7d00000)
 Metaspace       used 77980K, capacity 80328K, committed 80640K, reserved 1120256K
  class space    used 10110K, capacity 10634K, committed 10752K, reserved 1048576K
Event: 49.538 GC heap after
Heap after GC invocations=30 (full 3):
 PSYoungGen      total 345088K, used 2030K [0x00000000e0000000, 0x00000000f6d00000, 0x0000000100000000)
  eden space 316416K, 0% used [0x00000000e0000000,0x00000000e0000000,0x00000000f3500000)
  from space 28672K, 7% used [0x00000000f3500000,0x00000000f36fb858,0x00000000f5100000)
  to   space 26112K, 0% used [0x00000000f5380000,0x00000000f5380000,0x00000000f6d00000)
 ParOldGen       total 128000K, used 92171K [0x00000000a0000000, 0x00000000a7d00000, 0x00000000e0000000)
  object space 128000K, 72% used [0x00000000a0000000,0x00000000a5a02cb0,0x00000000a7d00000)
 Metaspace       used 77980K, capacity 80328K, committed 80640K, reserved 1120256K
  class space    used 10110K, capacity 10634K, committed 10752K, reserved 1048576K
}
Event: 50.341 GC heap before
{Heap before GC invocations=31 (full 3):
 PSYoungGen      total 345088K, used 318446K [0x00000000e0000000, 0x00000000f6d00000, 0x0000000100000000)
  eden space 316416K, 100% used [0x00000000e0000000,0x00000000f3500000,0x00000000f3500000)
  from space 28672K, 7% used [0x00000000f3500000,0x00000000f36fb858,0x00000000f5100000)
  to   space 26112K, 0% used [0x00000000f5380000,0x00000000f5380000,0x00000000f6d00000)
 ParOldGen       total 128000K, used 92173K [0x00000000a0000000, 0x00000000a7d00000, 0x00000000e0000000)
  object space 128000K, 72% used [0x00000000a0000000,0x00000000a5a034e8,0x00000000a7d00000)
 Metaspace       used 78006K, capacity 80402K, committed 80640K, reserved 1120256K
  class space    used 10111K, capacity 10635K, committed 10752K, reserved 1048576K
Event: 50.355 GC heap after
Heap after GC invocations=31 (full 3):
 PSYoungGen      total 342528K, used 7283K [0x00000000e0000000, 0x00000000f6d00000, 0x0000000100000000)
  eden space 316416K, 0% used [0x00000000e0000000,0x00000000e0000000,0x00000000f3500000)
  from space 26112K, 27% used [0x00000000f5380000,0x00000000f5a9cc00,0x00000000f6d00000)
  to   space 28672K, 0% used [0x00000000f3500000,0x00000000f3500000,0x00000000f5100000)
 ParOldGen       total 128000K, used 92173K [0x00000000a0000000, 0x00000000a7d00000, 0x00000000e0000000)
  object space 128000K, 72% used [0x00000000a0000000,0x00000000a5a034e8,0x00000000a7d00000)
 Metaspace       used 78006K, capacity 80402K, committed 80640K, reserved 1120256K
  class space    used 10111K, capacity 10635K, committed 10752K, reserved 1048576K
}

