# JRE version: OpenJDK Runtime Environment (8.0_152-b01) (build 1.8.0_152-release-1248-b01)
# Java VM: OpenJDK 64-Bit Server VM (25.152-b01 mixed mode windows-amd64 compressed oops)
Heap:
 PSYoungGen      total 70656K, used 54467K [0x00000000e0000000, 0x00000000e6480000, 0x0000000100000000)
  eden space 59904K, 79% used [0x00000000e0000000,0x00000000e2ebfa20,0x00000000e3a80000)
  from space 10752K, 61% used [0x00000000e3a80000,0x00000000e40f14f8,0x00000000e4500000)
  to   space 10240K, 0% used [0x00000000e5a80000,0x00000000e5a80000,0x00000000e6480000)
 ParOldGen       total 61440K, used 8770K [0x00000000a0000000, 0x00000000a3c00000, 0x00000000e0000000)
  object space 61440K, 14% used [0x00000000a0000000,0x00000000a0890990,0x00000000a3c00000)
 Metaspace       used 30216K, capacity 30610K, committed 30848K, reserved 1075200K
  class space    used 4209K, capacity 4362K, committed 4480K, reserved 1048576K
GC Heap History (10 events):
Event: 6.532 GC heap before
{Heap before GC invocations=4 (full 0):
 PSYoungGen      total 38400K, used 38368K [0x00000000e0000000, 0x00000000e2a80000, 0x0000000100000000)
  eden space 33280K, 100% used [0x00000000e0000000,0x00000000e2080000,0x00000000e2080000)
  from space 5120K, 99% used [0x00000000e2080000,0x00000000e2578020,0x00000000e2580000)
  to   space 5120K, 0% used [0x00000000e2580000,0x00000000e2580000,0x00000000e2a80000)
 ParOldGen       total 87552K, used 2083K [0x00000000a0000000, 0x00000000a5580000, 0x00000000e0000000)
  object space 87552K, 2% used [0x00000000a0000000,0x00000000a0208f78,0x00000000a5580000)
 Metaspace       used 16764K, capacity 17198K, committed 17536K, reserved 1064960K
  class space    used 2417K, capacity 2573K, committed 2688K, reserved 1048576K
Event: 6.546 GC heap after
Heap after GC invocations=4 (full 0):
 PSYoungGen      total 38400K, used 5104K [0x00000000e0000000, 0x00000000e2a80000, 0x0000000100000000)
  eden space 33280K, 0% used [0x00000000e0000000,0x00000000e0000000,0x00000000e2080000)
  from space 5120K, 99% used [0x00000000e2580000,0x00000000e2a7c010,0x00000000e2a80000)
  to   space 5120K, 0% used [0x00000000e2080000,0x00000000e2080000,0x00000000e2580000)
 ParOldGen       total 87552K, used 5404K [0x00000000a0000000, 0x00000000a5580000, 0x00000000e0000000)
  object space 87552K, 6% used [0x00000000a0000000,0x00000000a0547148,0x00000000a5580000)
 Metaspace       used 16764K, capacity 17198K, committed 17536K, reserved 1064960K
  class space    used 2417K, capacity 2573K, committed 2688K, reserved 1048576K
}
Event: 7.143 GC heap before
{Heap before GC invocations=5 (full 0):
 PSYoungGen      total 38400K, used 29535K [0x00000000e0000000, 0x00000000e2a80000, 0x0000000100000000)
  eden space 33280K, 73% used [0x00000000e0000000,0x00000000e17dbcb0,0x00000000e2080000)
  from space 5120K, 99% used [0x00000000e2580000,0x00000000e2a7c010,0x00000000e2a80000)
  to   space 5120K, 0% used [0x00000000e2080000,0x00000000e2080000,0x00000000e2580000)
 ParOldGen       total 87552K, used 5404K [0x00000000a0000000, 0x00000000a5580000, 0x00000000e0000000)
  object space 87552K, 6% used [0x00000000a0000000,0x00000000a0547148,0x00000000a5580000)
 Metaspace       used 20864K, capacity 21176K, committed 21248K, reserved 1067008K
  class space    used 2918K, capacity 3060K, committed 3072K, reserved 1048576K
Event: 7.156 GC heap after
Heap after GC invocations=5 (full 0):
 PSYoungGen      total 38400K, used 5092K [0x00000000e0000000, 0x00000000e5600000, 0x0000000100000000)
  eden space 33280K, 0% used [0x00000000e0000000,0x00000000e0000000,0x00000000e2080000)
  from space 5120K, 99% used [0x00000000e2080000,0x00000000e2579050,0x00000000e2580000)
  to   space 10752K, 0% used [0x00000000e4b80000,0x00000000e4b80000,0x00000000e5600000)
 ParOldGen       total 87552K, used 8821K [0x00000000a0000000, 0x00000000a5580000, 0x00000000e0000000)
  object space 87552K, 10% used [0x00000000a0000000,0x00000000a089d700,0x00000000a5580000)
 Metaspace       used 20864K, capacity 21176K, committed 21248K, reserved 1067008K
  class space    used 2918K, capacity 3060K, committed 3072K, reserved 1048576K
}
Event: 7.156 GC heap before
{Heap before GC invocations=6 (full 1):
 PSYoungGen      total 38400K, used 5092K [0x00000000e0000000, 0x00000000e5600000, 0x0000000100000000)
  eden space 33280K, 0% used [0x00000000e0000000,0x00000000e0000000,0x00000000e2080000)
  from space 5120K, 99% used [0x00000000e2080000,0x00000000e2579050,0x00000000e2580000)
  to   space 10752K, 0% used [0x00000000e4b80000,0x00000000e4b80000,0x00000000e5600000)
 ParOldGen       total 87552K, used 8821K [0x00000000a0000000, 0x00000000a5580000, 0x00000000e0000000)
  object space 87552K, 10% used [0x00000000a0000000,0x00000000a089d700,0x00000000a5580000)
 Metaspace       used 20864K, capacity 21176K, committed 21248K, reserved 1067008K
  class space    used 2918K, capacity 3060K, committed 3072K, reserved 1048576K
Event: 7.218 GC heap after
Heap after GC invocations=6 (full 1):
 PSYoungGen      total 38400K, used 0K [0x00000000e0000000, 0x00000000e5600000, 0x0000000100000000)
  eden space 33280K, 0% used [0x00000000e0000000,0x00000000e0000000,0x00000000e2080000)
  from space 5120K, 0% used [0x00000000e2080000,0x00000000e2080000,0x00000000e2580000)
  to   space 10752K, 0% used [0x00000000e4b80000,0x00000000e4b80000,0x00000000e5600000)
 ParOldGen       total 61440K, used 8754K [0x00000000a0000000, 0x00000000a3c00000, 0x00000000e0000000)
  object space 61440K, 14% used [0x00000000a0000000,0x00000000a088c990,0x00000000a3c00000)
 Metaspace       used 20864K, capacity 21176K, committed 21248K, reserved 1067008K
  class space    used 2918K, capacity 3060K, committed 3072K, reserved 1048576K
}
Event: 7.968 GC heap before
{Heap before GC invocations=7 (full 1):
 PSYoungGen      total 38400K, used 33280K [0x00000000e0000000, 0x00000000e5600000, 0x0000000100000000)
  eden space 33280K, 100% used [0x00000000e0000000,0x00000000e2080000,0x00000000e2080000)
  from space 5120K, 0% used [0x00000000e2080000,0x00000000e2080000,0x00000000e2580000)
  to   space 10752K, 0% used [0x00000000e4b80000,0x00000000e4b80000,0x00000000e5600000)
 ParOldGen       total 61440K, used 8754K [0x00000000a0000000, 0x00000000a3c00000, 0x00000000e0000000)
  object space 61440K, 14% used [0x00000000a0000000,0x00000000a088c990,0x00000000a3c00000)
 Metaspace       used 24178K, capacity 24578K, committed 24832K, reserved 1071104K
  class space    used 3320K, capacity 3484K, committed 3584K, reserved 1048576K
Event: 7.975 GC heap after
Heap after GC invocations=7 (full 1):
 PSYoungGen      total 56320K, used 3988K [0x00000000e0000000, 0x00000000e4f80000, 0x0000000100000000)
  eden space 52224K, 0% used [0x00000000e0000000,0x00000000e0000000,0x00000000e3300000)
  from space 4096K, 97% used [0x00000000e4b80000,0x00000000e4f65178,0x00000000e4f80000)
  to   space 10752K, 0% used [0x00000000e3a80000,0x00000000e3a80000,0x00000000e4500000)
 ParOldGen       total 61440K, used 8762K [0x00000000a0000000, 0x00000000a3c00000, 0x00000000e0000000)
  object space 61440K, 14% used [0x00000000a0000000,0x00000000a088e990,0x00000000a3c00000)
 Metaspace       used 24178K, capacity 24578K, committed 24832K, reserved 1071104K
  class space    used 3320K, capacity 3484K, committed 3584K, reserved 1048576K
}
Event: 8.977 GC heap before
{Heap before GC invocations=8 (full 1):
 PSYoungGen      total 56320K, used 56212K [0x00000000e0000000, 0x00000000e4f80000, 0x0000000100000000)
  eden space 52224K, 100% used [0x00000000e0000000,0x00000000e3300000,0x00000000e3300000)
  from space 4096K, 97% used [0x00000000e4b80000,0x00000000e4f65178,0x00000000e4f80000)
  to   space 10752K, 0% used [0x00000000e3a80000,0x00000000e3a80000,0x00000000e4500000)
 ParOldGen       total 61440K, used 8762K [0x00000000a0000000, 0x00000000a3c00000, 0x00000000e0000000)
  object space 61440K, 14% used [0x00000000a0000000,0x00000000a088e990,0x00000000a3c00000)
 Metaspace       used 27755K, capacity 28146K, committed 28416K, reserved 1073152K
  class space    used 3836K, capacity 4010K, committed 4096K, reserved 1048576K
Event: 8.989 GC heap after
Heap after GC invocations=8 (full 1):
 PSYoungGen      total 70656K, used 6597K [0x00000000e0000000, 0x00000000e6480000, 0x0000000100000000)
  eden space 59904K, 0% used [0x00000000e0000000,0x00000000e0000000,0x00000000e3a80000)
  from space 10752K, 61% used [0x00000000e3a80000,0x00000000e40f14f8,0x00000000e4500000)
  to   space 10240K, 0% used [0x00000000e5a80000,0x00000000e5a80000,0x00000000e6480000)
 ParOldGen       total 61440K, used 8770K [0x00000000a0000000, 0x00000000a3c00000, 0x00000000e0000000)
  object space 61440K, 14% used [0x00000000a0000000,0x00000000a0890990,0x00000000a3c00000)
 Metaspace       used 27755K, capacity 28146K, committed 28416K, reserved 1073152K
  class space    used 3836K, capacity 4010K, committed 4096K, reserved 1048576K
}

