# JRE version: OpenJDK Runtime Environment (8.0_152-b01) (build 1.8.0_152-release-1248-b01)
# Java VM: OpenJDK 64-Bit Server VM (25.152-b01 mixed mode windows-amd64 compressed oops)
Heap:
 PSYoungGen      total 286208K, used 34694K [0x00000000e0000000, 0x00000000f6f00000, 0x0000000100000000)
  eden space 254976K, 1% used [0x00000000e0000000,0x00000000e03664e0,0x00000000ef900000)
  from space 31232K, 99% used [0x00000000f2880000,0x00000000f46fb5d8,0x00000000f4700000)
  to   space 48640K, 0% used [0x00000000ef900000,0x00000000ef900000,0x00000000f2880000)
 ParOldGen       total 155136K, used 74406K [0x00000000a0000000, 0x00000000a9780000, 0x00000000e0000000)
  object space 155136K, 47% used [0x00000000a0000000,0x00000000a48a9ad0,0x00000000a9780000)
 Metaspace       used 79092K, capacity 81746K, committed 82048K, reserved 1120256K
  class space    used 10233K, capacity 10833K, committed 10880K, reserved 1048576K
GC Heap History (10 events):
Event: 43.366 GC heap before
{Heap before GC invocations=27 (full 3):
 PSYoungGen      total 223232K, used 203020K [0x00000000e0000000, 0x00000000f1700000, 0x0000000100000000)
  eden space 185856K, 100% used [0x00000000e0000000,0x00000000eb580000,0x00000000eb580000)
  from space 37376K, 45% used [0x00000000eb580000,0x00000000ec6433e0,0x00000000eda00000)
  to   space 35328K, 0% used [0x00000000ef480000,0x00000000ef480000,0x00000000f1700000)
 ParOldGen       total 155136K, used 37862K [0x00000000a0000000, 0x00000000a9780000, 0x00000000e0000000)
  object space 155136K, 24% used [0x00000000a0000000,0x00000000a24f9858,0x00000000a9780000)
 Metaspace       used 77817K, capacity 80266K, committed 80384K, reserved 1118208K
  class space    used 10108K, capacity 10647K, committed 10752K, reserved 1048576K
Event: 43.398 GC heap after
Heap after GC invocations=27 (full 3):
 PSYoungGen      total 250368K, used 21146K [0x00000000e0000000, 0x00000000f1c00000, 0x0000000100000000)
  eden space 215040K, 0% used [0x00000000e0000000,0x00000000e0000000,0x00000000ed200000)
  from space 35328K, 59% used [0x00000000ef480000,0x00000000f09269c0,0x00000000f1700000)
  to   space 35328K, 0% used [0x00000000ed200000,0x00000000ed200000,0x00000000ef480000)
 ParOldGen       total 155136K, used 37870K [0x00000000a0000000, 0x00000000a9780000, 0x00000000e0000000)
  object space 155136K, 24% used [0x00000000a0000000,0x00000000a24fb858,0x00000000a9780000)
 Metaspace       used 77817K, capacity 80266K, committed 80384K, reserved 1118208K
  class space    used 10108K, capacity 10647K, committed 10752K, reserved 1048576K
}
Event: 44.238 GC heap before
{Heap before GC invocations=28 (full 3):
 PSYoungGen      total 250368K, used 236186K [0x00000000e0000000, 0x00000000f1c00000, 0x0000000100000000)
  eden space 215040K, 100% used [0x00000000e0000000,0x00000000ed200000,0x00000000ed200000)
  from space 35328K, 59% used [0x00000000ef480000,0x00000000f09269c0,0x00000000f1700000)
  to   space 35328K, 0% used [0x00000000ed200000,0x00000000ed200000,0x00000000ef480000)
 ParOldGen       total 155136K, used 37870K [0x00000000a0000000, 0x00000000a9780000, 0x00000000e0000000)
  object space 155136K, 24% used [0x00000000a0000000,0x00000000a24fb858,0x00000000a9780000)
 Metaspace       used 77869K, capacity 80344K, committed 80640K, reserved 1120256K
  class space    used 10109K, capacity 10648K, committed 10752K, reserved 1048576K
Event: 44.264 GC heap after
Heap after GC invocations=28 (full 3):
 PSYoungGen      total 250368K, used 18833K [0x00000000e0000000, 0x00000000f3100000, 0x0000000100000000)
  eden space 215040K, 0% used [0x00000000e0000000,0x00000000e0000000,0x00000000ed200000)
  from space 35328K, 53% used [0x00000000ed200000,0x00000000ee464438,0x00000000ef480000)
  to   space 33792K, 0% used [0x00000000f1000000,0x00000000f1000000,0x00000000f3100000)
 ParOldGen       total 155136K, used 37878K [0x00000000a0000000, 0x00000000a9780000, 0x00000000e0000000)
  object space 155136K, 24% used [0x00000000a0000000,0x00000000a24fd858,0x00000000a9780000)
 Metaspace       used 77869K, capacity 80344K, committed 80640K, reserved 1120256K
  class space    used 10109K, capacity 10648K, committed 10752K, reserved 1048576K
}
Event: 45.421 GC heap before
{Heap before GC invocations=29 (full 3):
 PSYoungGen      total 250368K, used 233873K [0x00000000e0000000, 0x00000000f3100000, 0x0000000100000000)
  eden space 215040K, 100% used [0x00000000e0000000,0x00000000ed200000,0x00000000ed200000)
  from space 35328K, 53% used [0x00000000ed200000,0x00000000ee464438,0x00000000ef480000)
  to   space 33792K, 0% used [0x00000000f1000000,0x00000000f1000000,0x00000000f3100000)
 ParOldGen       total 155136K, used 37878K [0x00000000a0000000, 0x00000000a9780000, 0x00000000e0000000)
  object space 155136K, 24% used [0x00000000a0000000,0x00000000a24fd858,0x00000000a9780000)
 Metaspace       used 77894K, capacity 80344K, committed 80640K, reserved 1120256K
  class space    used 10109K, capacity 10648K, committed 10752K, reserved 1048576K
Event: 45.447 GC heap after
Heap after GC invocations=29 (full 3):
 PSYoungGen      total 273408K, used 17140K [0x00000000e0000000, 0x00000000f2d00000, 0x0000000100000000)
  eden space 243712K, 0% used [0x00000000e0000000,0x00000000e0000000,0x00000000eee00000)
  from space 29696K, 57% used [0x00000000f1000000,0x00000000f20bd178,0x00000000f2d00000)
  to   space 32256K, 0% used [0x00000000eee00000,0x00000000eee00000,0x00000000f0d80000)
 ParOldGen       total 155136K, used 37886K [0x00000000a0000000, 0x00000000a9780000, 0x00000000e0000000)
  object space 155136K, 24% used [0x00000000a0000000,0x00000000a24ff858,0x00000000a9780000)
 Metaspace       used 77894K, capacity 80344K, committed 80640K, reserved 1120256K
  class space    used 10109K, capacity 10648K, committed 10752K, reserved 1048576K
}
Event: 48.485 GC heap before
{Heap before GC invocations=30 (full 3):
 PSYoungGen      total 273408K, used 260852K [0x00000000e0000000, 0x00000000f2d00000, 0x0000000100000000)
  eden space 243712K, 100% used [0x00000000e0000000,0x00000000eee00000,0x00000000eee00000)
  from space 29696K, 57% used [0x00000000f1000000,0x00000000f20bd178,0x00000000f2d00000)
  to   space 32256K, 0% used [0x00000000eee00000,0x00000000eee00000,0x00000000f0d80000)
 ParOldGen       total 155136K, used 37886K [0x00000000a0000000, 0x00000000a9780000, 0x00000000e0000000)
  object space 155136K, 24% used [0x00000000a0000000,0x00000000a24ff858,0x00000000a9780000)
 Metaspace       used 78634K, capacity 81144K, committed 81408K, reserved 1120256K
  class space    used 10182K, capacity 10740K, committed 10752K, reserved 1048576K
Event: 48.509 GC heap after
Heap after GC invocations=30 (full 3):
 PSYoungGen      total 275968K, used 15022K [0x00000000e0000000, 0x00000000f4700000, 0x0000000100000000)
  eden space 243712K, 0% used [0x00000000e0000000,0x00000000e0000000,0x00000000eee00000)
  from space 32256K, 46% used [0x00000000eee00000,0x00000000efcab9b0,0x00000000f0d80000)
  to   space 31232K, 0% used [0x00000000f2880000,0x00000000f2880000,0x00000000f4700000)
 ParOldGen       total 155136K, used 37894K [0x00000000a0000000, 0x00000000a9780000, 0x00000000e0000000)
  object space 155136K, 24% used [0x00000000a0000000,0x00000000a2501858,0x00000000a9780000)
 Metaspace       used 78634K, capacity 81144K, committed 81408K, reserved 1120256K
  class space    used 10182K, capacity 10740K, committed 10752K, reserved 1048576K
}
Event: 50.792 GC heap before
{Heap before GC invocations=31 (full 3):
 PSYoungGen      total 275968K, used 258734K [0x00000000e0000000, 0x00000000f4700000, 0x0000000100000000)
  eden space 243712K, 100% used [0x00000000e0000000,0x00000000eee00000,0x00000000eee00000)
  from space 32256K, 46% used [0x00000000eee00000,0x00000000efcab9b0,0x00000000f0d80000)
  to   space 31232K, 0% used [0x00000000f2880000,0x00000000f2880000,0x00000000f4700000)
 ParOldGen       total 155136K, used 37894K [0x00000000a0000000, 0x00000000a9780000, 0x00000000e0000000)
  object space 155136K, 24% used [0x00000000a0000000,0x00000000a2501858,0x00000000a9780000)
 Metaspace       used 79089K, capacity 81746K, committed 82048K, reserved 1120256K
  class space    used 10233K, capacity 10833K, committed 10880K, reserved 1048576K
Event: 50.925 GC heap after
Heap after GC invocations=31 (full 3):
 PSYoungGen      total 286208K, used 31213K [0x00000000e0000000, 0x00000000f6f00000, 0x0000000100000000)
  eden space 254976K, 0% used [0x00000000e0000000,0x00000000e0000000,0x00000000ef900000)
  from space 31232K, 99% used [0x00000000f2880000,0x00000000f46fb5d8,0x00000000f4700000)
  to   space 48640K, 0% used [0x00000000ef900000,0x00000000ef900000,0x00000000f2880000)
 ParOldGen       total 155136K, used 74406K [0x00000000a0000000, 0x00000000a9780000, 0x00000000e0000000)
  object space 155136K, 47% used [0x00000000a0000000,0x00000000a48a9ad0,0x00000000a9780000)
 Metaspace       used 79089K, capacity 81746K, committed 82048K, reserved 1120256K
  class space    used 10233K, capacity 10833K, committed 10880K, reserved 1048576K
}

