# JRE version: OpenJDK Runtime Environment (8.0_152-b01) (build 1.8.0_152-release-1248-b01)
# Java VM: OpenJDK 64-Bit Server VM (25.152-b01 mixed mode windows-amd64 compressed oops)
Heap:
 PSYoungGen      total 263168K, used 21991K [0x00000000e0000000, 0x00000000f3e00000, 0x0000000100000000)
  eden space 211456K, 7% used [0x00000000e0000000,0x00000000e0ef0a78,0x00000000ece80000)
  from space 51712K, 12% used [0x00000000ece80000,0x00000000ed509260,0x00000000f0100000)
  to   space 41984K, 0% used [0x00000000f1500000,0x00000000f1500000,0x00000000f3e00000)
 ParOldGen       total 156672K, used 94394K [0x00000000a0000000, 0x00000000a9900000, 0x00000000e0000000)
  object space 156672K, 60% used [0x00000000a0000000,0x00000000a5c2e8b0,0x00000000a9900000)
 Metaspace       used 93560K, capacity 96388K, committed 98752K, reserved 1134592K
  class space    used 11619K, capacity 12244K, committed 12800K, reserved 1048576K
GC Heap History (10 events):
Event: 4976.441 GC heap before
{Heap before GC invocations=41 (full 4):
 PSYoungGen      total 261632K, used 233781K [0x00000000e0000000, 0x00000000f3380000, 0x0000000100000000)
  eden space 211456K, 100% used [0x00000000e0000000,0x00000000ece80000,0x00000000ece80000)
  from space 50176K, 44% used [0x00000000f0280000,0x00000000f184d7b0,0x00000000f3380000)
  to   space 51712K, 0% used [0x00000000ece80000,0x00000000ece80000,0x00000000f0100000)
 ParOldGen       total 156672K, used 62085K [0x00000000a0000000, 0x00000000a9900000, 0x00000000e0000000)
  object space 156672K, 39% used [0x00000000a0000000,0x00000000a3ca1668,0x00000000a9900000)
 Metaspace       used 93497K, capacity 96378K, committed 98752K, reserved 1134592K
  class space    used 11618K, capacity 12243K, committed 12800K, reserved 1048576K
Event: 4976.473 GC heap after
Heap after GC invocations=41 (full 4):
 PSYoungGen      total 263168K, used 18978K [0x00000000e0000000, 0x00000000f3380000, 0x0000000100000000)
  eden space 211456K, 0% used [0x00000000e0000000,0x00000000e0000000,0x00000000ece80000)
  from space 51712K, 36% used [0x00000000ece80000,0x00000000ee108a30,0x00000000f0100000)
  to   space 50176K, 0% used [0x00000000f0280000,0x00000000f0280000,0x00000000f3380000)
 ParOldGen       total 156672K, used 64901K [0x00000000a0000000, 0x00000000a9900000, 0x00000000e0000000)
  object space 156672K, 41% used [0x00000000a0000000,0x00000000a3f61740,0x00000000a9900000)
 Metaspace       used 93497K, capacity 96378K, committed 98752K, reserved 1134592K
  class space    used 11618K, capacity 12243K, committed 12800K, reserved 1048576K
}
Event: 4977.023 GC heap before
{Heap before GC invocations=42 (full 4):
 PSYoungGen      total 263168K, used 230434K [0x00000000e0000000, 0x00000000f3380000, 0x0000000100000000)
  eden space 211456K, 100% used [0x00000000e0000000,0x00000000ece80000,0x00000000ece80000)
  from space 51712K, 36% used [0x00000000ece80000,0x00000000ee108a30,0x00000000f0100000)
  to   space 50176K, 0% used [0x00000000f0280000,0x00000000f0280000,0x00000000f3380000)
 ParOldGen       total 156672K, used 64901K [0x00000000a0000000, 0x00000000a9900000, 0x00000000e0000000)
  object space 156672K, 41% used [0x00000000a0000000,0x00000000a3f61740,0x00000000a9900000)
 Metaspace       used 93512K, capacity 96384K, committed 98752K, reserved 1134592K
  class space    used 11619K, capacity 12244K, committed 12800K, reserved 1048576K
Event: 4977.050 GC heap after
Heap after GC invocations=42 (full 4):
 PSYoungGen      total 261632K, used 12249K [0x00000000e0000000, 0x00000000f3380000, 0x0000000100000000)
  eden space 211456K, 0% used [0x00000000e0000000,0x00000000e0000000,0x00000000ece80000)
  from space 50176K, 24% used [0x00000000f0280000,0x00000000f0e765f8,0x00000000f3380000)
  to   space 51712K, 0% used [0x00000000ece80000,0x00000000ece80000,0x00000000f0100000)
 ParOldGen       total 156672K, used 73645K [0x00000000a0000000, 0x00000000a9900000, 0x00000000e0000000)
  object space 156672K, 47% used [0x00000000a0000000,0x00000000a47eb5b0,0x00000000a9900000)
 Metaspace       used 93512K, capacity 96384K, committed 98752K, reserved 1134592K
  class space    used 11619K, capacity 12244K, committed 12800K, reserved 1048576K
}
Event: 4977.557 GC heap before
{Heap before GC invocations=43 (full 4):
 PSYoungGen      total 261632K, used 223705K [0x00000000e0000000, 0x00000000f3380000, 0x0000000100000000)
  eden space 211456K, 100% used [0x00000000e0000000,0x00000000ece80000,0x00000000ece80000)
  from space 50176K, 24% used [0x00000000f0280000,0x00000000f0e765f8,0x00000000f3380000)
  to   space 51712K, 0% used [0x00000000ece80000,0x00000000ece80000,0x00000000f0100000)
 ParOldGen       total 156672K, used 73645K [0x00000000a0000000, 0x00000000a9900000, 0x00000000e0000000)
  object space 156672K, 47% used [0x00000000a0000000,0x00000000a47eb5b0,0x00000000a9900000)
 Metaspace       used 93516K, capacity 96384K, committed 98752K, reserved 1134592K
  class space    used 11619K, capacity 12244K, committed 12800K, reserved 1048576K
Event: 4977.583 GC heap after
Heap after GC invocations=43 (full 4):
 PSYoungGen      total 263168K, used 10917K [0x00000000e0000000, 0x00000000f3380000, 0x0000000100000000)
  eden space 211456K, 0% used [0x00000000e0000000,0x00000000e0000000,0x00000000ece80000)
  from space 51712K, 21% used [0x00000000ece80000,0x00000000ed929668,0x00000000f0100000)
  to   space 50176K, 0% used [0x00000000f0280000,0x00000000f0280000,0x00000000f3380000)
 ParOldGen       total 156672K, used 79766K [0x00000000a0000000, 0x00000000a9900000, 0x00000000e0000000)
  object space 156672K, 50% used [0x00000000a0000000,0x00000000a4de5818,0x00000000a9900000)
 Metaspace       used 93516K, capacity 96384K, committed 98752K, reserved 1134592K
  class space    used 11619K, capacity 12244K, committed 12800K, reserved 1048576K
}
Event: 4978.087 GC heap before
{Heap before GC invocations=44 (full 4):
 PSYoungGen      total 263168K, used 222373K [0x00000000e0000000, 0x00000000f3380000, 0x0000000100000000)
  eden space 211456K, 100% used [0x00000000e0000000,0x00000000ece80000,0x00000000ece80000)
  from space 51712K, 21% used [0x00000000ece80000,0x00000000ed929668,0x00000000f0100000)
  to   space 50176K, 0% used [0x00000000f0280000,0x00000000f0280000,0x00000000f3380000)
 ParOldGen       total 156672K, used 79766K [0x00000000a0000000, 0x00000000a9900000, 0x00000000e0000000)
  object space 156672K, 50% used [0x00000000a0000000,0x00000000a4de5818,0x00000000a9900000)
 Metaspace       used 93525K, capacity 96384K, committed 98752K, reserved 1134592K
  class space    used 11619K, capacity 12244K, committed 12800K, reserved 1048576K
Event: 4978.117 GC heap after
Heap after GC invocations=44 (full 4):
 PSYoungGen      total 261632K, used 12258K [0x00000000e0000000, 0x00000000f3380000, 0x0000000100000000)
  eden space 211456K, 0% used [0x00000000e0000000,0x00000000e0000000,0x00000000ece80000)
  from space 50176K, 24% used [0x00000000f0280000,0x00000000f0e789c8,0x00000000f3380000)
  to   space 51712K, 0% used [0x00000000ece80000,0x00000000ece80000,0x00000000f0100000)
 ParOldGen       total 156672K, used 85235K [0x00000000a0000000, 0x00000000a9900000, 0x00000000e0000000)
  object space 156672K, 54% used [0x00000000a0000000,0x00000000a533cf78,0x00000000a9900000)
 Metaspace       used 93525K, capacity 96384K, committed 98752K, reserved 1134592K
  class space    used 11619K, capacity 12244K, committed 12800K, reserved 1048576K
}
Event: 4978.806 GC heap before
{Heap before GC invocations=45 (full 4):
 PSYoungGen      total 261632K, used 223714K [0x00000000e0000000, 0x00000000f3380000, 0x0000000100000000)
  eden space 211456K, 100% used [0x00000000e0000000,0x00000000ece80000,0x00000000ece80000)
  from space 50176K, 24% used [0x00000000f0280000,0x00000000f0e789c8,0x00000000f3380000)
  to   space 51712K, 0% used [0x00000000ece80000,0x00000000ece80000,0x00000000f0100000)
 ParOldGen       total 156672K, used 85235K [0x00000000a0000000, 0x00000000a9900000, 0x00000000e0000000)
  object space 156672K, 54% used [0x00000000a0000000,0x00000000a533cf78,0x00000000a9900000)
 Metaspace       used 93559K, capacity 96388K, committed 98752K, reserved 1134592K
  class space    used 11619K, capacity 12244K, committed 12800K, reserved 1048576K
Event: 4978.834 GC heap after
Heap after GC invocations=45 (full 4):
 PSYoungGen      total 263168K, used 6692K [0x00000000e0000000, 0x00000000f3e00000, 0x0000000100000000)
  eden space 211456K, 0% used [0x00000000e0000000,0x00000000e0000000,0x00000000ece80000)
  from space 51712K, 12% used [0x00000000ece80000,0x00000000ed509260,0x00000000f0100000)
  to   space 41984K, 0% used [0x00000000f1500000,0x00000000f1500000,0x00000000f3e00000)
 ParOldGen       total 156672K, used 94394K [0x00000000a0000000, 0x00000000a9900000, 0x00000000e0000000)
  object space 156672K, 60% used [0x00000000a0000000,0x00000000a5c2e8b0,0x00000000a9900000)
 Metaspace       used 93559K, capacity 96388K, committed 98752K, reserved 1134592K
  class space    used 11619K, capacity 12244K, committed 12800K, reserved 1048576K
}

