# JRE version: OpenJDK Runtime Environment (8.0_152-b01) (build 1.8.0_152-release-1248-b01)
# Java VM: OpenJDK 64-Bit Server VM (25.152-b01 mixed mode windows-amd64 compressed oops)
Heap:
 PSYoungGen      total 112640K, used 65615K [0x00000000e0000000, 0x00000000e8f00000, 0x0000000100000000)
  eden space 98816K, 52% used [0x00000000e0000000,0x00000000e329a0d8,0x00000000e6080000)
  from space 13824K, 99% used [0x00000000e6080000,0x00000000e6df9cd0,0x00000000e6e00000)
  to   space 15872K, 0% used [0x00000000e7f80000,0x00000000e7f80000,0x00000000e8f00000)
 ParOldGen       total 65024K, used 18631K [0x00000000a0000000, 0x00000000a3f80000, 0x00000000e0000000)
  object space 65024K, 28% used [0x00000000a0000000,0x00000000a1231cb0,0x00000000a3f80000)
 Metaspace       used 54415K, capacity 55654K, committed 55936K, reserved 1097728K
  class space    used 7389K, capacity 7764K, committed 7808K, reserved 1048576K
GC Heap History (10 events):
Event: 9.256 GC heap before
{Heap before GC invocations=9 (full 1):
 PSYoungGen      total 70656K, used 65974K [0x00000000e0000000, 0x00000000e5f80000, 0x0000000100000000)
  eden space 59392K, 100% used [0x00000000e0000000,0x00000000e3a00000,0x00000000e3a00000)
  from space 11264K, 58% used [0x00000000e3a00000,0x00000000e406da48,0x00000000e4500000)
  to   space 10752K, 0% used [0x00000000e5500000,0x00000000e5500000,0x00000000e5f80000)
 ParOldGen       total 65024K, used 9591K [0x00000000a0000000, 0x00000000a3f80000, 0x00000000e0000000)
  object space 65024K, 14% used [0x00000000a0000000,0x00000000a095df38,0x00000000a3f80000)
 Metaspace       used 31214K, capacity 31754K, committed 32000K, reserved 1077248K
  class space    used 4364K, capacity 4574K, committed 4608K, reserved 1048576K
Event: 9.269 GC heap after
Heap after GC invocations=9 (full 1):
 PSYoungGen      total 86528K, used 9176K [0x00000000e0000000, 0x00000000e6e80000, 0x0000000100000000)
  eden space 75776K, 0% used [0x00000000e0000000,0x00000000e0000000,0x00000000e4a00000)
  from space 10752K, 85% used [0x00000000e5500000,0x00000000e5df6300,0x00000000e5f80000)
  to   space 11264K, 0% used [0x00000000e4a00000,0x00000000e4a00000,0x00000000e5500000)
 ParOldGen       total 65024K, used 9599K [0x00000000a0000000, 0x00000000a3f80000, 0x00000000e0000000)
  object space 65024K, 14% used [0x00000000a0000000,0x00000000a095ff38,0x00000000a3f80000)
 Metaspace       used 31214K, capacity 31754K, committed 32000K, reserved 1077248K
  class space    used 4364K, capacity 4574K, committed 4608K, reserved 1048576K
}
Event: 9.925 GC heap before
{Heap before GC invocations=10 (full 1):
 PSYoungGen      total 86528K, used 34513K [0x00000000e0000000, 0x00000000e6e80000, 0x0000000100000000)
  eden space 75776K, 33% used [0x00000000e0000000,0x00000000e18be2b0,0x00000000e4a00000)
  from space 10752K, 85% used [0x00000000e5500000,0x00000000e5df6300,0x00000000e5f80000)
  to   space 11264K, 0% used [0x00000000e4a00000,0x00000000e4a00000,0x00000000e5500000)
 ParOldGen       total 65024K, used 9599K [0x00000000a0000000, 0x00000000a3f80000, 0x00000000e0000000)
  object space 65024K, 14% used [0x00000000a0000000,0x00000000a095ff38,0x00000000a3f80000)
 Metaspace       used 34939K, capacity 35464K, committed 35496K, reserved 1079296K
  class space    used 4889K, capacity 5110K, committed 5120K, reserved 1048576K
Event: 9.938 GC heap after
Heap after GC invocations=10 (full 1):
 PSYoungGen      total 87040K, used 9851K [0x00000000e0000000, 0x00000000e7b80000, 0x0000000100000000)
  eden space 75776K, 0% used [0x00000000e0000000,0x00000000e0000000,0x00000000e4a00000)
  from space 11264K, 87% used [0x00000000e4a00000,0x00000000e539ec50,0x00000000e5500000)
  to   space 12288K, 0% used [0x00000000e6f80000,0x00000000e6f80000,0x00000000e7b80000)
 ParOldGen       total 65024K, used 9607K [0x00000000a0000000, 0x00000000a3f80000, 0x00000000e0000000)
  object space 65024K, 14% used [0x00000000a0000000,0x00000000a0961f38,0x00000000a3f80000)
 Metaspace       used 34939K, capacity 35464K, committed 35496K, reserved 1079296K
  class space    used 4889K, capacity 5110K, committed 5120K, reserved 1048576K
}
Event: 9.938 GC heap before
{Heap before GC invocations=11 (full 2):
 PSYoungGen      total 87040K, used 9851K [0x00000000e0000000, 0x00000000e7b80000, 0x0000000100000000)
  eden space 75776K, 0% used [0x00000000e0000000,0x00000000e0000000,0x00000000e4a00000)
  from space 11264K, 87% used [0x00000000e4a00000,0x00000000e539ec50,0x00000000e5500000)
  to   space 12288K, 0% used [0x00000000e6f80000,0x00000000e6f80000,0x00000000e7b80000)
 ParOldGen       total 65024K, used 9607K [0x00000000a0000000, 0x00000000a3f80000, 0x00000000e0000000)
  object space 65024K, 14% used [0x00000000a0000000,0x00000000a0961f38,0x00000000a3f80000)
 Metaspace       used 34939K, capacity 35464K, committed 35496K, reserved 1079296K
  class space    used 4889K, capacity 5110K, committed 5120K, reserved 1048576K
Event: 10.046 GC heap after
Heap after GC invocations=11 (full 2):
 PSYoungGen      total 87040K, used 0K [0x00000000e0000000, 0x00000000e7b80000, 0x0000000100000000)
  eden space 75776K, 0% used [0x00000000e0000000,0x00000000e0000000,0x00000000e4a00000)
  from space 11264K, 0% used [0x00000000e4a00000,0x00000000e4a00000,0x00000000e5500000)
  to   space 12288K, 0% used [0x00000000e6f80000,0x00000000e6f80000,0x00000000e7b80000)
 ParOldGen       total 65024K, used 16583K [0x00000000a0000000, 0x00000000a3f80000, 0x00000000e0000000)
  object space 65024K, 25% used [0x00000000a0000000,0x00000000a1031f58,0x00000000a3f80000)
 Metaspace       used 34939K, capacity 35464K, committed 35496K, reserved 1079296K
  class space    used 4889K, capacity 5110K, committed 5120K, reserved 1048576K
}
Event: 11.605 GC heap before
{Heap before GC invocations=12 (full 2):
 PSYoungGen      total 87040K, used 75776K [0x00000000e0000000, 0x00000000e7b80000, 0x0000000100000000)
  eden space 75776K, 100% used [0x00000000e0000000,0x00000000e4a00000,0x00000000e4a00000)
  from space 11264K, 0% used [0x00000000e4a00000,0x00000000e4a00000,0x00000000e5500000)
  to   space 12288K, 0% used [0x00000000e6f80000,0x00000000e6f80000,0x00000000e7b80000)
 ParOldGen       total 65024K, used 16583K [0x00000000a0000000, 0x00000000a3f80000, 0x00000000e0000000)
  object space 65024K, 25% used [0x00000000a0000000,0x00000000a1031f58,0x00000000a3f80000)
 Metaspace       used 42105K, capacity 42862K, committed 43136K, reserved 1087488K
  class space    used 5699K, capacity 5963K, committed 6016K, reserved 1048576K
Event: 11.621 GC heap after
Heap after GC invocations=12 (full 2):
 PSYoungGen      total 104960K, used 12107K [0x00000000e0000000, 0x00000000e7b80000, 0x0000000100000000)
  eden space 92672K, 0% used [0x00000000e0000000,0x00000000e0000000,0x00000000e5a80000)
  from space 12288K, 98% used [0x00000000e6f80000,0x00000000e7b52ff0,0x00000000e7b80000)
  to   space 13824K, 0% used [0x00000000e6080000,0x00000000e6080000,0x00000000e6e00000)
 ParOldGen       total 65024K, used 16591K [0x00000000a0000000, 0x00000000a3f80000, 0x00000000e0000000)
  object space 65024K, 25% used [0x00000000a0000000,0x00000000a1033f58,0x00000000a3f80000)
 Metaspace       used 42105K, capacity 42862K, committed 43136K, reserved 1087488K
  class space    used 5699K, capacity 5963K, committed 6016K, reserved 1048576K
}
Event: 14.027 GC heap before
{Heap before GC invocations=13 (full 2):
 PSYoungGen      total 104960K, used 104779K [0x00000000e0000000, 0x00000000e7b80000, 0x0000000100000000)
  eden space 92672K, 100% used [0x00000000e0000000,0x00000000e5a80000,0x00000000e5a80000)
  from space 12288K, 98% used [0x00000000e6f80000,0x00000000e7b52ff0,0x00000000e7b80000)
  to   space 13824K, 0% used [0x00000000e6080000,0x00000000e6080000,0x00000000e6e00000)
 ParOldGen       total 65024K, used 16591K [0x00000000a0000000, 0x00000000a3f80000, 0x00000000e0000000)
  object space 65024K, 25% used [0x00000000a0000000,0x00000000a1033f58,0x00000000a3f80000)
 Metaspace       used 50726K, capacity 51906K, committed 52096K, reserved 1093632K
  class space    used 6853K, capacity 7194K, committed 7296K, reserved 1048576K
Event: 14.069 GC heap after
Heap after GC invocations=13 (full 2):
 PSYoungGen      total 112640K, used 13799K [0x00000000e0000000, 0x00000000e8f00000, 0x0000000100000000)
  eden space 98816K, 0% used [0x00000000e0000000,0x00000000e0000000,0x00000000e6080000)
  from space 13824K, 99% used [0x00000000e6080000,0x00000000e6df9cd0,0x00000000e6e00000)
  to   space 15872K, 0% used [0x00000000e7f80000,0x00000000e7f80000,0x00000000e8f00000)
 ParOldGen       total 65024K, used 18631K [0x00000000a0000000, 0x00000000a3f80000, 0x00000000e0000000)
  object space 65024K, 28% used [0x00000000a0000000,0x00000000a1231cb0,0x00000000a3f80000)
 Metaspace       used 50726K, capacity 51906K, committed 52096K, reserved 1093632K
  class space    used 6853K, capacity 7194K, committed 7296K, reserved 1048576K
}

